[01/08/2026 19:10:01][INFO] - ============================================================
[01/08/2026 19:10:01][INFO] - Training Configuration:
[01/08/2026 19:10:01][INFO] - data_root: data/crowdsat
[01/08/2026 19:10:01][INFO] - num_classes: 2
[01/08/2026 19:10:01][INFO] - epoch: 150
[01/08/2026 19:10:01][INFO] - batch_size: 8
[01/08/2026 19:10:01][INFO] - lr: 0.0003
[01/08/2026 19:10:01][INFO] - weight_decay: 0.0001
[01/08/2026 19:10:01][INFO] - bilinear: True
[01/08/2026 19:10:01][INFO] - output_dir: weights
[01/08/2026 19:10:01][INFO] - save: weights\best_model.pth
[01/08/2026 19:10:01][INFO] - print_freq: 8
[01/08/2026 19:10:01][INFO] - device: cuda
[01/08/2026 19:10:01][INFO] - radius: 2
[01/08/2026 19:10:01][INFO] - lmds_kernel_size: 3
[01/08/2026 19:10:01][INFO] - lmds_adapt_ts: 0.5
[01/08/2026 19:10:01][INFO] - checkpoint: best
[01/08/2026 19:10:01][INFO] - select_mode: max
[01/08/2026 19:10:01][INFO] - validate_on: mAP
[01/08/2026 19:10:01][INFO] - ============================================================
[01/08/2026 19:10:01][INFO] - Model created and moved to cuda
[01/08/2026 19:10:01][INFO] - Train dataset size: 10357
[01/08/2026 19:10:01][INFO] - Val dataset size: 704
[01/08/2026 19:10:01][INFO] - Start Training:
[01/08/2026 19:10:01][INFO] - ============================================================
[01/08/2026 19:10:01][INFO] - Epoch 1/150
[01/08/2026 19:10:01][INFO] - ============================================================
